<?xml version="1.0" encoding="UTF-8"?>
<!-- Generated by org.testng.reporters.JUnitReportReporter -->
<testsuite hostname="LAPTOP-BL1QE2EF" failures="0" tests="3" name="test.login_security" time="84.797" errors="0" timestamp="2024-09-12T15:12:23 ADT" skipped="0">
  <testcase classname="test.login_security" name="delete" time="37.810"/>
  <system-out/>
  <testcase classname="test.login_security" name="phone" time="24.980"/>
  <system-out/>
  <testcase classname="test.login_security" name="name" time="22.007"/>
  <system-out/>
</testsuite> <!-- test.login_security -->
