<?xml version="1.0" encoding="UTF-8"?>
<!-- Generated by org.testng.reporters.JUnitReportReporter -->
<testsuite hostname="LAPTOP-BL1QE2EF" failures="0" tests="2" name="test.order" time="71.128" errors="0" timestamp="2024-09-11T10:38:19 ADT" skipped="0">
  <testcase classname="test.order" name="order1" time="38.254"/>
  <system-out/>
  <testcase classname="test.order" name="order" time="32.874"/>
  <system-out/>
</testsuite> <!-- test.order -->
