<?xml version="1.0" encoding="UTF-8"?>
<!-- Generated by org.testng.reporters.JUnitReportReporter -->
<testsuite hostname="LAPTOP-BL1QE2EF" failures="0" tests="2" name="test.cart" time="64.047" errors="0" timestamp="2024-09-11T18:55:56 ADT" skipped="0">
  <testcase classname="test.cart" name="search" time="25.507"/>
  <system-out/>
  <testcase classname="test.cart" name="cart" time="38.540"/>
  <system-out/>
</testsuite> <!-- test.cart -->
