<?xml version="1.0" encoding="UTF-8"?>
<!-- Generated by org.testng.reporters.JUnitReportReporter -->
<testsuite hostname="LAPTOP-BL1QE2EF" failures="0" tests="8" name="test.guest" time="201.701" errors="0" timestamp="2024-09-10T09:13:55 ADT" skipped="0">
  <testcase classname="test.guest" name="assert2" time="66.226"/>
  <system-out/>
  <testcase classname="test.guest" name="searchbox" time="20.726"/>
  <system-out/>
  <testcase classname="test.guest" name="searchbox" time="19.390"/>
  <system-out/>
  <testcase classname="test.guest" name="searchbox" time="19.288"/>
  <system-out/>
  <testcase classname="test.guest" name="searchbox" time="18.202"/>
  <system-out/>
  <testcase classname="test.guest" name="searchbox" time="20.072"/>
  <system-out/>
  <testcase classname="test.guest" name="searchbox" time="18.223"/>
  <system-out/>
  <testcase classname="test.guest" name="partialitem" time="19.574"/>
  <system-out/>
</testsuite> <!-- test.guest -->
