<?xml version="1.0" encoding="UTF-8"?>
<!-- Generated by org.testng.reporters.JUnitReportReporter -->
<testsuite hostname="LAPTOP-BL1QE2EF" failures="0" tests="8" name="test.login" time="130.448" errors="0" timestamp="2024-09-10T14:28:27 ADT" skipped="0">
  <testcase classname="test.login" name="Login" time="12.654"/>
  <system-out/>
  <testcase classname="test.login" name="Login" time="26.006"/>
  <system-out/>
  <testcase classname="test.login" name="Login" time="14.515"/>
  <system-out/>
  <testcase classname="test.login" name="Login" time="15.234"/>
  <system-out/>
  <testcase classname="test.login" name="Login" time="14.585"/>
  <system-out/>
  <testcase classname="test.login" name="Login" time="14.741"/>
  <system-out/>
  <testcase classname="test.login" name="Login" time="14.940"/>
  <system-out/>
  <testcase classname="test.login" name="Login" time="17.773"/>
  <system-out/>
</testsuite> <!-- test.login -->
