<?xml version="1.0" encoding="UTF-8"?>
<!-- Generated by org.testng.reporters.JUnitReportReporter -->
<testsuite hostname="LAPTOP-BL1QE2EF" failures="0" tests="10" name="test.create_Account" time="147.711" errors="0" timestamp="2024-09-10T14:45:08 ADT" skipped="0">
  <testcase classname="test.create_Account" name="Yourname" time="20.464"/>
  <system-out/>
  <testcase classname="test.create_Account" name="Yourname" time="15.519"/>
  <system-out/>
  <testcase classname="test.create_Account" name="Yourname" time="14.997"/>
  <system-out/>
  <testcase classname="test.create_Account" name="Yourname" time="13.672"/>
  <system-out/>
  <testcase classname="test.create_Account" name="Yourname" time="13.677"/>
  <system-out/>
  <testcase classname="test.create_Account" name="Yourname" time="13.732"/>
  <system-out/>
  <testcase classname="test.create_Account" name="Yourname" time="14.086"/>
  <system-out/>
  <testcase classname="test.create_Account" name="Yourname" time="8.883"/>
  <system-out/>
  <testcase classname="test.create_Account" name="Yourname" time="14.207"/>
  <system-out/>
  <testcase classname="test.create_Account" name="Yourname" time="18.474"/>
  <system-out/>
</testsuite> <!-- test.create_Account -->
