<?xml version="1.0" encoding="UTF-8"?>
<!-- Generated by org.testng.reporters.JUnitReportReporter -->
<testsuite hostname="LAPTOP-BL1QE2EF" failures="0" tests="11" name="test.your_Address" time="248.762" errors="0" timestamp="2024-09-10T18:21:17 ADT" skipped="0">
  <testcase classname="test.your_Address" name="verifyaddress" time="18.867"/>
  <system-out/>
  <testcase classname="test.your_Address" name="verifyaadress" time="22.103"/>
  <system-out/>
  <testcase classname="test.your_Address" name="verifycountry" time="21.981"/>
  <system-out/>
  <testcase classname="test.your_Address" name="verifyp" time="24.724"/>
  <system-out/>
  <testcase classname="test.your_Address" name="address" time="38.875"/>
  <system-out/>
  <testcase classname="test.your_Address" name="address" time="25.462"/>
  <system-out/>
  <testcase classname="test.your_Address" name="address" time="19.158"/>
  <system-out/>
  <testcase classname="test.your_Address" name="address" time="19.907"/>
  <system-out/>
  <testcase classname="test.your_Address" name="address" time="17.851"/>
  <system-out/>
  <testcase classname="test.your_Address" name="address" time="19.853"/>
  <system-out/>
  <testcase classname="test.your_Address" name="address" time="19.981"/>
  <system-out/>
</testsuite> <!-- test.your_Address -->
