<?xml version="1.0" encoding="UTF-8"?>
<!-- Generated by org.testng.reporters.JUnitReportReporter -->
<testsuite hostname="LAPTOP-BL1QE2EF" failures="0" tests="2" name="test.your_Account" time="41.595" errors="0" timestamp="2024-09-10T14:57:55 ADT" skipped="0">
  <testcase classname="test.your_Account" name="Yaccount" time="19.755"/>
  <system-out/>
  <testcase classname="test.your_Account" name="account" time="21.840"/>
  <system-out/>
</testsuite> <!-- test.your_Account -->
