<?xml version="1.0" encoding="UTF-8"?>
<!-- Generated by org.testng.reporters.JUnitReportReporter -->
<testsuite hostname="LAPTOP-BL1QE2EF" failures="0" tests="10" name="test.search" time="293.236" errors="0" timestamp="2024-09-12T15:28:34 ADT" skipped="0">
  <testcase classname="test.search" name="sotin" time="16.058"/>
  <system-out/>
  <testcase classname="test.search" name="sortfilter" time="13.753"/>
  <system-out/>
  <testcase classname="test.search" name="assert2" time="156.968"/>
  <system-out/>
  <testcase classname="test.search" name="searchbox" time="14.678"/>
  <system-out/>
  <testcase classname="test.search" name="searchbox" time="15.967"/>
  <system-out/>
  <testcase classname="test.search" name="searchbox" time="20.662"/>
  <system-out/>
  <testcase classname="test.search" name="searchbox" time="11.633"/>
  <system-out/>
  <testcase classname="test.search" name="searchbox" time="16.530"/>
  <system-out/>
  <testcase classname="test.search" name="searchbox" time="11.851"/>
  <system-out/>
  <testcase classname="test.search" name="partialitem" time="15.136"/>
  <system-out/>
</testsuite> <!-- test.search -->
